(0000) 3000  0011000000000000 (   1)                 .ORIG x3000
(3000) 2C1B  0010110000011011 (   3)                 LD    R6 StaPtr
(3001) 2218  0010001000011000 (   4)                 LD    R1 InPtr
(3002) 2418  0010010000011000 (   5)                 LD    R2 InF
(3003) 7440  0111010001000000 (   6)                 STR   R2 R1 #0
(3004) 265E  0010011001011110 (   8)                 LD    R3 x_4000
(3005) B65C  1011011001011100 (   9)                 STI   R3 KBSR
(3006) E017  1110000000010111 (  11) LOOP            LEA   R0 str1
(3007) F022  1111000000100010 (  12)                 TRAP  x22
(3008) 5020  0101000000100000 (  13)                 AND   R0 R0 #0
(3009) 102D  0001000000101101 (  14)                 ADD   R0 R0 #13
(300A) F021  1111000000100001 (  15)                 TRAP  x21
(300B) 5020  0101000000100000 (  16)                 AND   R0 R0 #0
(300C) 2010  0010000000010000 (  17)                 LD    R0 COUNT
(300D) 103F  0001000000111111 (  18) DELAY1          ADD   R0 R0 #-1
(300E) 03FE  0000001111111110 (  19)                 BRP   DELAY1
(300F) E030  1110000000110000 (  21)                 LEA   R0 str2
(3010) F022  1111000000100010 (  22)                 TRAP  x22
(3011) 5020  0101000000100000 (  23)                 AND   R0 R0 #0
(3012) 102D  0001000000101101 (  24)                 ADD   R0 R0 #13
(3013) F021  1111000000100001 (  25)                 TRAP  x21
(3014) 5020  0101000000100000 (  26)                 AND   R0 R0 #0
(3015) 2007  0010000000000111 (  27)                 LD    R0 COUNT
(3016) 103F  0001000000111111 (  28) DELAY2          ADD   R0 R0 #-1
(3017) 03FE  0000001111111110 (  29)                 BRP   DELAY2
(3018) 0FED  0000111111101101 (  30)                 BRNZP LOOP
(3019) F025  1111000000100101 (  31)                 TRAP  x25
(301A) 0180  0000000110000000 (  33) InPtr           .FILL x0180
(301B) 2000  0010000000000000 (  34) InF             .FILL x2000
(301C) 3000  0011000000000000 (  35) StaPtr          .FILL x3000
(301D) 7530  0111010100110000 (  36) COUNT           .FILL x7530
(301E) 0049  0000000001001001 (  37) str1            .FILL x0049
(301F) 0043  0000000001000011 (  37)                 .FILL x0043
(3020) 0053  0000000001010011 (  37)                 .FILL x0053
(3021) 0020  0000000000100000 (  37)                 .FILL x0020
(3022) 0020  0000000000100000 (  37)                 .FILL x0020
(3023) 0020  0000000000100000 (  37)                 .FILL x0020
(3024) 0049  0000000001001001 (  37)                 .FILL x0049
(3025) 0043  0000000001000011 (  37)                 .FILL x0043
(3026) 0053  0000000001010011 (  37)                 .FILL x0053
(3027) 0020  0000000000100000 (  37)                 .FILL x0020
(3028) 0020  0000000000100000 (  37)                 .FILL x0020
(3029) 0020  0000000000100000 (  37)                 .FILL x0020
(302A) 0049  0000000001001001 (  37)                 .FILL x0049
(302B) 0043  0000000001000011 (  37)                 .FILL x0043
(302C) 0053  0000000001010011 (  37)                 .FILL x0053
(302D) 0020  0000000000100000 (  37)                 .FILL x0020
(302E) 0020  0000000000100000 (  37)                 .FILL x0020
(302F) 0020  0000000000100000 (  37)                 .FILL x0020
(3030) 0049  0000000001001001 (  37)                 .FILL x0049
(3031) 0043  0000000001000011 (  37)                 .FILL x0043
(3032) 0053  0000000001010011 (  37)                 .FILL x0053
(3033) 0020  0000000000100000 (  37)                 .FILL x0020
(3034) 0020  0000000000100000 (  37)                 .FILL x0020
(3035) 0020  0000000000100000 (  37)                 .FILL x0020
(3036) 0049  0000000001001001 (  37)                 .FILL x0049
(3037) 0043  0000000001000011 (  37)                 .FILL x0043
(3038) 0053  0000000001010011 (  37)                 .FILL x0053
(3039) 0020  0000000000100000 (  37)                 .FILL x0020
(303A) 0020  0000000000100000 (  37)                 .FILL x0020
(303B) 0020  0000000000100000 (  37)                 .FILL x0020
(303C) 0049  0000000001001001 (  37)                 .FILL x0049
(303D) 0043  0000000001000011 (  37)                 .FILL x0043
(303E) 0053  0000000001010011 (  37)                 .FILL x0053
(303F) 0000  0000000000000000 (  37)                 .FILL x0000
(3040) 0020  0000000000100000 (  38) str2            .FILL x0020
(3041) 0020  0000000000100000 (  38)                 .FILL x0020
(3042) 0020  0000000000100000 (  38)                 .FILL x0020
(3043) 0049  0000000001001001 (  38)                 .FILL x0049
(3044) 0043  0000000001000011 (  38)                 .FILL x0043
(3045) 0053  0000000001010011 (  38)                 .FILL x0053
(3046) 0020  0000000000100000 (  38)                 .FILL x0020
(3047) 0020  0000000000100000 (  38)                 .FILL x0020
(3048) 0020  0000000000100000 (  38)                 .FILL x0020
(3049) 0049  0000000001001001 (  38)                 .FILL x0049
(304A) 0043  0000000001000011 (  38)                 .FILL x0043
(304B) 0053  0000000001010011 (  38)                 .FILL x0053
(304C) 0020  0000000000100000 (  38)                 .FILL x0020
(304D) 0020  0000000000100000 (  38)                 .FILL x0020
(304E) 0020  0000000000100000 (  38)                 .FILL x0020
(304F) 0049  0000000001001001 (  38)                 .FILL x0049
(3050) 0043  0000000001000011 (  38)                 .FILL x0043
(3051) 0053  0000000001010011 (  38)                 .FILL x0053
(3052) 0020  0000000000100000 (  38)                 .FILL x0020
(3053) 0020  0000000000100000 (  38)                 .FILL x0020
(3054) 0020  0000000000100000 (  38)                 .FILL x0020
(3055) 0049  0000000001001001 (  38)                 .FILL x0049
(3056) 0043  0000000001000011 (  38)                 .FILL x0043
(3057) 0053  0000000001010011 (  38)                 .FILL x0053
(3058) 0020  0000000000100000 (  38)                 .FILL x0020
(3059) 0020  0000000000100000 (  38)                 .FILL x0020
(305A) 0020  0000000000100000 (  38)                 .FILL x0020
(305B) 0049  0000000001001001 (  38)                 .FILL x0049
(305C) 0043  0000000001000011 (  38)                 .FILL x0043
(305D) 0053  0000000001010011 (  38)                 .FILL x0053
(305E) 0020  0000000000100000 (  38)                 .FILL x0020
(305F) 0020  0000000000100000 (  38)                 .FILL x0020
(3060) 0020  0000000000100000 (  38)                 .FILL x0020
(3061) 0000  0000000000000000 (  38)                 .FILL x0000
(3062) FE00  1111111000000000 (  39) KBSR            .FILL xFE00
(3063) 4000  0100000000000000 (  40) x_4000          .FILL x4000
