(0000) 3000  0011000000000000 (   1)                 .ORIG x3000
(3000) 2C0D  0010110000001101 (   3)                 LD    R6 STACK
(3001) 220D  0010001000001101 (   4)                 LD    R1 INTER
(3002) 240E  0010010000001110 (   5)                 LD    R2 START
(3003) 7440  0111010001000000 (   6)                 STR   R2 R1 #0
(3004) 260B  0010011000001011 (   8)                 LD    R3 IE
(3005) B60C  1011011000001100 (   9)                 STI   R3 KBSR
(3006) E00C  1110000000001100 (  11) AGAIN           LEA   R0 STR1
(3007) F022  1111000000100010 (  12)                 TRAP  x22
(3008) 4862  0100100001100010 (  13)                 JSR   DELAY
(3009) E035  1110000000110101 (  14)                 LEA   R0 STR2
(300A) F022  1111000000100010 (  15)                 TRAP  x22
(300B) 485F  0100100001011111 (  16)                 JSR   DELAY
(300C) 0FF9  0000111111111001 (  17)                 BRNZP AGAIN
(300D) F025  1111000000100101 (  18)                 TRAP  x25
(300E) 4000  0100000000000000 (  20) STACK           .FILL x4000
(300F) 1080  0001000010000000 (  21) INTER           .FILL x1080
(3010) 4000  0100000000000000 (  22) IE              .FILL x4000
(3011) 2000  0010000000000000 (  23) START           .FILL x2000
(3012) FE00  1111111000000000 (  24) KBSR            .FILL xFE00
(3013) 0049  0000000001001001 (  25) STR1            .FILL x0049
(3014) 0043  0000000001000011 (  25)                 .FILL x0043
(3015) 0053  0000000001010011 (  25)                 .FILL x0053
(3016) 0020  0000000000100000 (  25)                 .FILL x0020
(3017) 0020  0000000000100000 (  25)                 .FILL x0020
(3018) 0020  0000000000100000 (  25)                 .FILL x0020
(3019) 0020  0000000000100000 (  25)                 .FILL x0020
(301A) 0049  0000000001001001 (  25)                 .FILL x0049
(301B) 0043  0000000001000011 (  25)                 .FILL x0043
(301C) 0053  0000000001010011 (  25)                 .FILL x0053
(301D) 0020  0000000000100000 (  25)                 .FILL x0020
(301E) 0020  0000000000100000 (  25)                 .FILL x0020
(301F) 0020  0000000000100000 (  25)                 .FILL x0020
(3020) 0020  0000000000100000 (  25)                 .FILL x0020
(3021) 0020  0000000000100000 (  25)                 .FILL x0020
(3022) 0049  0000000001001001 (  25)                 .FILL x0049
(3023) 0043  0000000001000011 (  25)                 .FILL x0043
(3024) 0053  0000000001010011 (  25)                 .FILL x0053
(3025) 0020  0000000000100000 (  25)                 .FILL x0020
(3026) 0020  0000000000100000 (  25)                 .FILL x0020
(3027) 0020  0000000000100000 (  25)                 .FILL x0020
(3028) 0020  0000000000100000 (  25)                 .FILL x0020
(3029) 0020  0000000000100000 (  25)                 .FILL x0020
(302A) 0049  0000000001001001 (  25)                 .FILL x0049
(302B) 0043  0000000001000011 (  25)                 .FILL x0043
(302C) 0053  0000000001010011 (  25)                 .FILL x0053
(302D) 0020  0000000000100000 (  25)                 .FILL x0020
(302E) 0020  0000000000100000 (  25)                 .FILL x0020
(302F) 0020  0000000000100000 (  25)                 .FILL x0020
(3030) 0020  0000000000100000 (  25)                 .FILL x0020
(3031) 0020  0000000000100000 (  25)                 .FILL x0020
(3032) 0049  0000000001001001 (  25)                 .FILL x0049
(3033) 0043  0000000001000011 (  25)                 .FILL x0043
(3034) 0053  0000000001010011 (  25)                 .FILL x0053
(3035) 0020  0000000000100000 (  25)                 .FILL x0020
(3036) 0020  0000000000100000 (  25)                 .FILL x0020
(3037) 0020  0000000000100000 (  25)                 .FILL x0020
(3038) 0020  0000000000100000 (  25)                 .FILL x0020
(3039) 0020  0000000000100000 (  25)                 .FILL x0020
(303A) 0049  0000000001001001 (  25)                 .FILL x0049
(303B) 0043  0000000001000011 (  25)                 .FILL x0043
(303C) 0053  0000000001010011 (  25)                 .FILL x0053
(303D) 000A  0000000000001010 (  25)                 .FILL x000A
(303E) 0000  0000000000000000 (  25)                 .FILL x0000
(303F) 0020  0000000000100000 (  26) STR2            .FILL x0020
(3040) 0020  0000000000100000 (  26)                 .FILL x0020
(3041) 0020  0000000000100000 (  26)                 .FILL x0020
(3042) 0049  0000000001001001 (  26)                 .FILL x0049
(3043) 0043  0000000001000011 (  26)                 .FILL x0043
(3044) 0053  0000000001010011 (  26)                 .FILL x0053
(3045) 0020  0000000000100000 (  26)                 .FILL x0020
(3046) 0020  0000000000100000 (  26)                 .FILL x0020
(3047) 0020  0000000000100000 (  26)                 .FILL x0020
(3048) 0020  0000000000100000 (  26)                 .FILL x0020
(3049) 0020  0000000000100000 (  26)                 .FILL x0020
(304A) 0049  0000000001001001 (  26)                 .FILL x0049
(304B) 0043  0000000001000011 (  26)                 .FILL x0043
(304C) 0053  0000000001010011 (  26)                 .FILL x0053
(304D) 0020  0000000000100000 (  26)                 .FILL x0020
(304E) 0020  0000000000100000 (  26)                 .FILL x0020
(304F) 0020  0000000000100000 (  26)                 .FILL x0020
(3050) 0020  0000000000100000 (  26)                 .FILL x0020
(3051) 0020  0000000000100000 (  26)                 .FILL x0020
(3052) 0049  0000000001001001 (  26)                 .FILL x0049
(3053) 0043  0000000001000011 (  26)                 .FILL x0043
(3054) 0053  0000000001010011 (  26)                 .FILL x0053
(3055) 0020  0000000000100000 (  26)                 .FILL x0020
(3056) 0020  0000000000100000 (  26)                 .FILL x0020
(3057) 0020  0000000000100000 (  26)                 .FILL x0020
(3058) 0020  0000000000100000 (  26)                 .FILL x0020
(3059) 0020  0000000000100000 (  26)                 .FILL x0020
(305A) 0049  0000000001001001 (  26)                 .FILL x0049
(305B) 0043  0000000001000011 (  26)                 .FILL x0043
(305C) 0053  0000000001010011 (  26)                 .FILL x0053
(305D) 0020  0000000000100000 (  26)                 .FILL x0020
(305E) 0020  0000000000100000 (  26)                 .FILL x0020
(305F) 0020  0000000000100000 (  26)                 .FILL x0020
(3060) 0020  0000000000100000 (  26)                 .FILL x0020
(3061) 0020  0000000000100000 (  26)                 .FILL x0020
(3062) 0049  0000000001001001 (  26)                 .FILL x0049
(3063) 0043  0000000001000011 (  26)                 .FILL x0043
(3064) 0053  0000000001010011 (  26)                 .FILL x0053
(3065) 0020  0000000000100000 (  26)                 .FILL x0020
(3066) 0020  0000000000100000 (  26)                 .FILL x0020
(3067) 0020  0000000000100000 (  26)                 .FILL x0020
(3068) 0020  0000000000100000 (  26)                 .FILL x0020
(3069) 000A  0000000000001010 (  26)                 .FILL x000A
(306A) 0000  0000000000000000 (  26)                 .FILL x0000
(306B) 3206  0011001000000110 (  28) DELAY           ST    R1 SaveR1
(306C) 2204  0010001000000100 (  29)                 LD    R1 COUNT
(306D) 127F  0001001001111111 (  30) REP             ADD   R1 R1 #-1
(306E) 03FE  0000001111111110 (  31)                 BRP   REP
(306F) 2202  0010001000000010 (  32)                 LD    R1 SaveR1
(3070) C1C0  1100000111000000 (  33)                 RET   
(3071) 09C4  0000100111000100 (  34) COUNT           .FILL x09C4
(3072) 0000  0000000000000000 (  36) SaveR1          .FILL x0000
